220 126.com Anti-spam GT for Coremail System (126com[20090903])

250 OK
com Anti-spam GT for Coremail System (126com[20090903])

334 dXNlcm5hbWU6
pam GT for Coremail System (126com[20090903])

334 UGFzc3dvcmQ6
pam GT for Coremail System (126com[20090903])

235 Authentication successful
remail System (126com[20090903])

250 Mail OK
ation successful
remail System (126com[20090903])

250 Mail OK
ation successful
remail System (126com[20090903])

354 End data with <CR><LF>.<CR><LF>
 System (126com[20090903])

250 Mail OK queued as smtp4,jdKowLALBQLRJ+lL8IcPAA--.11434S2 1273571284
%÷
221 Bye
OK queued as smtp4,jdKowLALBQLRJ+lL8IcPAA--.11434S2 1273571284
%÷
